This is e-pTeX, Version 3.1415926-p3.4-110825-2.6 (utf8.sjis) (TeX Live 2013/W32TeX) (format=platex 2017.1.6)  17 JUL 2017 00:35
entering extended mode
 restricted \write18 enabled.
 %&-line parsing enabled.
**symptebiki
(./symptebiki.tex
pLaTeX2e <2006/11/10> (based on LaTeX2e <2011/06/27> patch level 0)
Babel <3.9k> and hyphenation patterns for 78 languages loaded.
(./hissymp.cls
hissymp.cls; Version 1.0 [Jan. 17, 2007]
\h@=\dimen118
\JQ=\dimen119
\Q=\dimen120
\@bs=\dimen121
\Secbox=\box41
\@qqvsep=\skip41
\c@section=\count81
\c@subsection=\count82
\c@subsubsection=\count83
\c@paragraph=\count84
\c@subparagraph=\count85
\@capnumbox=\box42
\@tempboxb=\box43
\capwidth=\dimen122
\@abovecaptionskip=\dimen123
\@belowcaptionskip=\dimen124
\ecapwidth=\dimen125
\@parc@ption=\box44
\c@figure=\count86
\c@table=\count87
\abstractbox=\box45
\keywordbox=\box46
\year@cnt=\count88
\c@subpage=\count89
\mathindent=\dimen126
\@minsofar=\count90
\@min=\count91
\@cite@temp=\count92
\c@PROFILE=\count93
\@heightofprofile=\dimen127
\@profile=\box47
\@heightofprofile=\dimen128
\@profile=\box48
) (c:/texlive/2013/texmf-dist/tex/latex/graphics/graphicx.sty
Package: graphicx 1999/02/16 v1.0f Enhanced LaTeX Graphics (DPC,SPQR)

(c:/texlive/2013/texmf-dist/tex/latex/graphics/keyval.sty
Package: keyval 1999/03/16 v1.13 key=value parser (DPC)
\KV@toks@=\toks15
)
(c:/texlive/2013/texmf-dist/tex/latex/graphics/graphics.sty
Package: graphics 2009/02/05 v1.0o Standard LaTeX Graphics (DPC,SPQR)

(c:/texlive/2013/texmf-dist/tex/latex/graphics/trig.sty
Package: trig 1999/03/16 v1.09 sin cos tan (DPC)
)
(c:/texlive/2013/texmf-dist/tex/latex/latexconfig/graphics.cfg
File: graphics.cfg 2010/04/23 v1.9 graphics configuration of TeX Live
)
Package graphics Info: Driver file: dvipdfmx.def on input line 91.

(c:/texlive/2013/texmf-dist/tex/latex/dvipdfmx-def/dvipdfmx.def
File: dvipdfmx.def 2014/06/07 v3.6 LaTeX graphics driver for dvipdfmx (TeX Live
/ChoF)
))
\Gin@req@height=\dimen129
\Gin@req@width=\dimen130
)
(c:/texlive/2013/texmf-dist/tex/latex/url/url.sty
\Urlmuskip=\muskip10
Package: url 2013/09/16  ver 3.4  Verb mode for urls, etc.
) (./symptebiki.aux)
\openout1 = `symptebiki.aux'.

LaTeX Font Info:    Checking defaults for OML/cmm/m/it on input line 38.
LaTeX Font Info:    ... okay on input line 38.
LaTeX Font Info:    Checking defaults for T1/cmr/m/n on input line 38.
LaTeX Font Info:    ... okay on input line 38.
LaTeX Font Info:    Checking defaults for OT1/cmr/m/n on input line 38.
LaTeX Font Info:    ... okay on input line 38.
LaTeX Font Info:    Checking defaults for OMS/cmsy/m/n on input line 38.
LaTeX Font Info:    ... okay on input line 38.
LaTeX Font Info:    Checking defaults for OMX/cmex/m/n on input line 38.
LaTeX Font Info:    ... okay on input line 38.
LaTeX Font Info:    Checking defaults for U/cmr/m/n on input line 38.
LaTeX Font Info:    ... okay on input line 38.
LaTeX Font Info:    Checking defaults for JY1/mc/m/n on input line 38.
LaTeX Font Info:    ... okay on input line 38.
LaTeX Font Info:    Checking defaults for JT1/mc/m/n on input line 38.
LaTeX Font Info:    ... okay on input line 38.
LaTeX Font Info:    Font shape `JT1/mc/bx/n' in size <9> not available
(Font)              Font shape `JT1/gt/m/n' tried instead on input line 42.
LaTeX Font Info:    Font shape `JY1/mc/bx/n' in size <9> not available
(Font)              Font shape `JY1/gt/m/n' tried instead on input line 42.
LaTeX Font Info:    Font shape `JT1/mc/bx/n' in size <10> not available
(Font)              Font shape `JT1/gt/m/n' tried instead on input line 42.
LaTeX Font Info:    Font shape `JY1/mc/bx/n' in size <10> not available
(Font)              Font shape `JY1/gt/m/n' tried instead on input line 42.
LaTeX Font Info:    Font shape `JT1/mc/bx/n' in size <17.28> not available
(Font)              Font shape `JT1/gt/m/n' tried instead on input line 50.
LaTeX Font Info:    Font shape `JY1/mc/bx/n' in size <17.28> not available
(Font)              Font shape `JY1/gt/m/n' tried instead on input line 50.
LaTeX Font Info:    External font `cmex10' loaded for size
(Font)              <17.28> on input line 50.
LaTeX Font Info:    External font `cmex10' loaded for size
(Font)              <12> on input line 50.
LaTeX Font Info:    External font `cmex10' loaded for size
(Font)              <14.4> on input line 50.
LaTeX Font Info:    External font `cmex10' loaded for size
(Font)              <7> on input line 50.
LaTeX Font Info:    External font `cmex10' loaded for size
(Font)              <5> on input line 50.
 [1


]
File: ./3d_draw.eps Graphic file (type eps)

<./3d_draw.eps>
File: ./tennomemo.eps Graphic file (type eps)
 <./tennomemo.eps>

LaTeX Warning: `h' float specifier changed to `ht'.

File: ./onpu_memo.eps Graphic file (type eps)
<./onpu_memo.eps>

LaTeX Warning: `h' float specifier changed to `ht'.

File: ./sentaku_memo.eps Graphic file (type eps)
<./sentaku_memo.eps>

LaTeX Warning: `h' float specifier changed to `ht'.

File: ./sharing.eps Graphic file (type eps)
<./sharing.eps> [2] [3]
File: ./linedraw.eps Graphic file (type eps)
 <./linedraw.eps>
File: ./rittai.eps Graphic file (type eps)
 <./rittai.eps>
Underfull \hbox (badness 5756) in paragraph at lines 203--207
\OT1/cmr/m/n/9 IWSAWC 2006-(at 26th IEEE In-ter-na-tional
 []

LaTeX Font Info:    External font `cmex10' loaded for size
(Font)              <9> on input line 215.
LaTeX Font Info:    External font `cmex10' loaded for size
(Font)              <6> on input line 215.

Underfull \hbox (badness 10000) in paragraph at lines 213--216
[]\OT1/cmr/m/n/9 Microsoft Inc: HoloLens; $\OT1/cmtt/m/n/9 https : / / www .
 []


Underfull \hbox (badness 4303) in paragraph at lines 228--230
[]\OT1/cmr/m/n/9 TrailRenderer; $\OT1/cmtt/m/n/9 https : / / docs . unity3d . c
om / ja /
 []

[4] (./symptebiki.aux) ) 
Here is how much of TeX's memory you used:
 864 strings out of 494001
 9192 string characters out of 6157278
 74525 words of memory out of 5000000
 4363 multiletter control sequences out of 15000+600000
 20744 words of font info for 79 fonts, out of 8000000 for 9000
 745 hyphenation exceptions out of 8191
 26i,10n,25p,973b,410s stack positions out of 5000i,500n,10000p,200000b,80000s

Output written on symptebiki.dvi (4 pages, 25036 bytes).
